# Logfile created on 2019-11-29 00:58:48 -0400 by logger.rb/31641
D, [2019-11-29T00:58:48.969443 #52547] DEBUG -- : REQUESTING PAGE: GET / with {} and HTTP headers {}
D, [2019-11-29T00:58:49.184213 #52547] DEBUG -- : REQUESTING PAGE: GET / with {} and HTTP headers {}
D, [2019-11-29T00:58:49.187802 #52547] DEBUG -- : REQUESTING PAGE: POST /ingresar with {"monto"=>"100"} and HTTP headers {"HTTP_REFERER"=>"/"}
D, [2019-11-29T00:58:49.195347 #52547] DEBUG -- : REQUESTING PAGE: GET / with {} and HTTP headers {}
D, [2019-11-29T00:58:49.198665 #52547] DEBUG -- : REQUESTING PAGE: POST /ingresar with {"monto"=>"300"} and HTTP headers {"HTTP_REFERER"=>"/"}
D, [2019-11-29T00:58:49.203408 #52547] DEBUG -- : REQUESTING PAGE: POST /retirar with {"retiro"=>"100"} and HTTP headers {"HTTP_REFERER"=>"/ingresar"}
D, [2019-11-29T10:04:55.956936 #53863] DEBUG -- : REQUESTING PAGE: GET / with {} and HTTP headers {}
D, [2019-11-29T10:04:56.035463 #53863] DEBUG -- : REQUESTING PAGE: GET / with {} and HTTP headers {}
D, [2019-11-29T10:04:56.039629 #53863] DEBUG -- : REQUESTING PAGE: POST /ingresar with {"monto"=>"100"} and HTTP headers {"HTTP_REFERER"=>"/"}
D, [2019-11-29T10:04:56.046260 #53863] DEBUG -- : REQUESTING PAGE: GET / with {} and HTTP headers {}
D, [2019-11-29T10:04:56.049469 #53863] DEBUG -- : REQUESTING PAGE: POST /ingresar with {"monto"=>"300"} and HTTP headers {"HTTP_REFERER"=>"/"}
D, [2019-11-29T10:04:56.053508 #53863] DEBUG -- : REQUESTING PAGE: POST /retirar with {"retiro"=>"100"} and HTTP headers {"HTTP_REFERER"=>"/ingresar"}
D, [2019-11-29T10:29:07.639439 #54748] DEBUG -- : REQUESTING PAGE: GET / with {} and HTTP headers {}
D, [2019-11-29T10:29:07.719423 #54748] DEBUG -- : REQUESTING PAGE: GET / with {} and HTTP headers {}
D, [2019-11-29T10:29:07.725033 #54748] DEBUG -- : REQUESTING PAGE: POST /ingresar with {"monto"=>"100"} and HTTP headers {"HTTP_REFERER"=>"/"}
D, [2019-11-29T10:29:07.733362 #54748] DEBUG -- : REQUESTING PAGE: GET / with {} and HTTP headers {}
D, [2019-11-29T10:29:07.737356 #54748] DEBUG -- : REQUESTING PAGE: POST /ingresar with {"monto"=>"300"} and HTTP headers {"HTTP_REFERER"=>"/"}
D, [2019-11-29T10:29:07.748125 #54748] DEBUG -- : REQUESTING PAGE: POST /retirar with {"retiro"=>"100"} and HTTP headers {"HTTP_REFERER"=>"/ingresar"}
D, [2019-11-29T11:05:56.230394 #55254] DEBUG -- : REQUESTING PAGE: GET / with {} and HTTP headers {}
D, [2019-11-29T11:05:56.298677 #55254] DEBUG -- : REQUESTING PAGE: GET / with {} and HTTP headers {}
D, [2019-11-29T11:05:56.304246 #55254] DEBUG -- : REQUESTING PAGE: POST /ingresar with {"monto"=>"100"} and HTTP headers {"HTTP_REFERER"=>"/"}
D, [2019-11-29T11:05:56.312474 #55254] DEBUG -- : REQUESTING PAGE: GET / with {} and HTTP headers {}
D, [2019-11-29T11:05:56.315574 #55254] DEBUG -- : REQUESTING PAGE: POST /ingresar with {"monto"=>"300"} and HTTP headers {"HTTP_REFERER"=>"/"}
D, [2019-11-29T11:05:56.335784 #55254] DEBUG -- : REQUESTING PAGE: POST /retirar with {"retiro"=>"100"} and HTTP headers {"HTTP_REFERER"=>"/ingresar"}
D, [2019-11-29T11:06:29.446768 #55485] DEBUG -- : REQUESTING PAGE: GET / with {} and HTTP headers {}
D, [2019-11-29T11:06:29.525084 #55485] DEBUG -- : REQUESTING PAGE: GET / with {} and HTTP headers {}
D, [2019-11-29T11:06:29.528366 #55485] DEBUG -- : REQUESTING PAGE: POST /ingresar with {"monto"=>"100"} and HTTP headers {"HTTP_REFERER"=>"/"}
D, [2019-11-29T11:06:29.537031 #55485] DEBUG -- : REQUESTING PAGE: GET / with {} and HTTP headers {}
D, [2019-11-29T11:06:29.540493 #55485] DEBUG -- : REQUESTING PAGE: POST /ingresar with {"monto"=>"300"} and HTTP headers {"HTTP_REFERER"=>"/"}
D, [2019-11-29T11:06:29.544292 #55485] DEBUG -- : REQUESTING PAGE: POST /retirar with {"retiro"=>"100"} and HTTP headers {"HTTP_REFERER"=>"/ingresar"}
D, [2019-11-29T11:06:44.281223 #55621] DEBUG -- : REQUESTING PAGE: GET / with {} and HTTP headers {}
D, [2019-11-29T11:06:44.336833 #55621] DEBUG -- : REQUESTING PAGE: GET / with {} and HTTP headers {}
D, [2019-11-29T11:06:44.340570 #55621] DEBUG -- : REQUESTING PAGE: POST /ingresar with {"monto"=>"100"} and HTTP headers {"HTTP_REFERER"=>"/"}
D, [2019-11-29T11:06:44.348913 #55621] DEBUG -- : REQUESTING PAGE: GET / with {} and HTTP headers {}
D, [2019-11-29T11:06:44.351681 #55621] DEBUG -- : REQUESTING PAGE: POST /ingresar with {"monto"=>"300"} and HTTP headers {"HTTP_REFERER"=>"/"}
D, [2019-11-29T11:06:44.354087 #55621] DEBUG -- : REQUESTING PAGE: POST /retirar with {"retiro"=>"100"} and HTTP headers {"HTTP_REFERER"=>"/ingresar"}
D, [2019-12-04T15:41:49.287490 #1848] DEBUG -- : REQUESTING PAGE: GET / with {} and HTTP headers {}
